This file contains any messages produced by compilers while
running configure, to aid debugging if configure makes a mistake.

It was created by configure, which was
generated by GNU Autoconf 2.68.  Invocation command line was

  $ ./configure -prefix=/usr/local

## --------- ##
## Platform. ##
## --------- ##

hostname = Matteos-MacBook-Pro.local
uname -m = x86_64
uname -r = 14.4.0
uname -s = Darwin
uname -v = Darwin Kernel Version 14.4.0: Thu May 28 11:35:04 PDT 2015; root:xnu-2782.30.5~1/RELEASE_X86_64

/usr/bin/uname -p = i386
/bin/uname -X     = unknown

/bin/arch              = unknown
/usr/bin/arch -k       = unknown
/usr/convex/getsysinfo = unknown
/usr/bin/hostinfo      = Mach kernel version:
	 Darwin Kernel Version 14.4.0: Thu May 28 11:35:04 PDT 2015; root:xnu-2782.30.5~1/RELEASE_X86_64
Kernel configured for up to 4 processors.
2 processors are physically available.
4 processors are logically available.
Processor type: x86_64h (Intel x86-64h Haswell)
Processors active: 0 1 2 3
Primary memory available: 8.00 gigabytes
Default processor set: 231 tasks, 850 threads, 4 processors
Load average: 1.14, Mach factor: 2.85
/bin/machine           = unknown
/usr/bin/oslevel       = unknown
/bin/universe          = unknown

PATH: /opt/local/bin
PATH: /opt/local/sbin
PATH: /usr/local/bin
PATH: /usr/bin
PATH: /bin
PATH: /usr/sbin
PATH: /sbin
PATH: /opt/X11/bin
PATH: .
PATH: /usr/local/surveysim


## ----------- ##
## Core tests. ##
## ----------- ##

configure:2086: checking build system type
configure:2100: result: x86_64-apple-darwin14.4.0
configure:2120: checking host system type
configure:2133: result: x86_64-apple-darwin14.4.0
configure:2153: checking target system type
configure:2166: result: x86_64-apple-darwin14.4.0
configure:2441: checking for gcc
configure:2457: found /usr/bin/gcc
configure:2468: result: gcc
configure:2697: checking for C compiler version
configure:2706: gcc --version >&5
Apple LLVM version 6.1.0 (clang-602.0.53) (based on LLVM 3.6.0svn)
Target: x86_64-apple-darwin14.4.0
Thread model: posix
Configured with: --prefix=/Library/Developer/CommandLineTools/usr --with-gxx-include-dir=/usr/include/c++/4.2.1
configure:2717: $? = 0
configure:2706: gcc -v >&5
Configured with: --prefix=/Library/Developer/CommandLineTools/usr --with-gxx-include-dir=/usr/include/c++/4.2.1
Apple LLVM version 6.1.0 (clang-602.0.53) (based on LLVM 3.6.0svn)
Target: x86_64-apple-darwin14.4.0
Thread model: posix
configure:2717: $? = 0
configure:2706: gcc -V >&5
clang: error: argument to '-V' is missing (expected 1 value)
clang: error: no input files
configure:2717: $? = 1
configure:2706: gcc -qversion >&5
clang: error: unknown argument: '-qversion'
clang: error: no input files
configure:2717: $? = 1
configure:2737: checking whether the C compiler works
configure:2759: gcc    conftest.c  >&5
configure:2763: $? = 0
configure:2811: result: yes
configure:2814: checking for C compiler default output file name
configure:2816: result: a.out
configure:2822: checking for suffix of executables
configure:2829: gcc -o conftest    conftest.c  >&5
configure:2833: $? = 0
configure:2855: result: 
configure:2877: checking whether we are cross compiling
configure:2885: gcc -o conftest    conftest.c  >&5
configure:2889: $? = 0
configure:2896: ./conftest
configure:2900: $? = 0
configure:2915: result: no
configure:2920: checking for suffix of object files
configure:2942: gcc -c   conftest.c >&5
configure:2946: $? = 0
configure:2967: result: o
configure:2971: checking whether we are using the GNU C compiler
configure:2990: gcc -c   conftest.c >&5
configure:2990: $? = 0
configure:2999: result: yes
configure:3008: checking whether gcc accepts -g
configure:3028: gcc -c -g  conftest.c >&5
configure:3028: $? = 0
configure:3069: result: yes
configure:3086: checking for gcc option to accept ISO C89
configure:3150: gcc  -c -g -O2  conftest.c >&5
configure:3150: $? = 0
configure:3163: result: none needed
configure:3196: checking for gfortran
configure:3226: result: no
configure:3196: checking for g95
configure:3226: result: no
configure:3196: checking for g77
configure:3226: result: no
configure:3196: checking for f77
configure:3226: result: no
configure:3196: checking for ifort
configure:3226: result: no
configure:3196: checking for f95
configure:3226: result: no
configure:3196: checking for f90
configure:3226: result: no
configure:3196: checking for xlf
configure:3226: result: no
configure:3196: checking for cf77
configure:3226: result: no
configure:3196: checking for gf77
configure:3226: result: no
configure:3196: checking for af77
configure:3226: result: no
configure:3196: checking for ncf
configure:3226: result: no
configure:3196: checking for f2c
configure:3226: result: no
configure:3236: WARNING: cfitsio: == No acceptable Fortran compiler found in $PATH
configure:3238: cfitsio: == Adding wrapper support for GNU Fortran by default
configure:3268: checking for ar
configure:3284: found /opt/local/bin/ar
configure:3296: result: ar
configure:3353: checking for ranlib
configure:3369: found /opt/local/bin/ranlib
configure:3380: result: ranlib
configure:3409: checking how to run the C preprocessor
configure:3440: gcc -E  conftest.c
configure:3440: $? = 0
configure:3454: gcc -E  conftest.c
conftest.c:9:10: fatal error: 'ac_nonexistent.h' file not found
#include <ac_nonexistent.h>
         ^
1 error generated.
configure:3454: $? = 1
configure: failed program was:
| /* confdefs.h */
| #define PACKAGE_NAME ""
| #define PACKAGE_TARNAME ""
| #define PACKAGE_VERSION ""
| #define PACKAGE_STRING ""
| #define PACKAGE_BUGREPORT ""
| #define PACKAGE_URL ""
| /* end confdefs.h.  */
| #include <ac_nonexistent.h>
configure:3479: result: gcc -E
configure:3499: gcc -E  conftest.c
configure:3499: $? = 0
configure:3513: gcc -E  conftest.c
conftest.c:9:10: fatal error: 'ac_nonexistent.h' file not found
#include <ac_nonexistent.h>
         ^
1 error generated.
configure:3513: $? = 1
configure: failed program was:
| /* confdefs.h */
| #define PACKAGE_NAME ""
| #define PACKAGE_TARNAME ""
| #define PACKAGE_VERSION ""
| #define PACKAGE_STRING ""
| #define PACKAGE_BUGREPORT ""
| #define PACKAGE_URL ""
| /* end confdefs.h.  */
| #include <ac_nonexistent.h>
configure:3542: checking for grep that handles long lines and -e
configure:3600: result: /usr/bin/grep
configure:3605: checking for egrep
configure:3667: result: /usr/bin/grep -E
configure:3672: checking for ANSI C header files
configure:3692: gcc -c -g -O2  conftest.c >&5
configure:3692: $? = 0
configure:3765: gcc -o conftest -g -O2   conftest.c  >&5
configure:3765: $? = 0
configure:3765: ./conftest
configure:3765: $? = 0
configure:3776: result: yes
configure:3789: checking for sys/types.h
configure:3789: gcc -c -g -O2  conftest.c >&5
configure:3789: $? = 0
configure:3789: result: yes
configure:3789: checking for sys/stat.h
configure:3789: gcc -c -g -O2  conftest.c >&5
configure:3789: $? = 0
configure:3789: result: yes
configure:3789: checking for stdlib.h
configure:3789: gcc -c -g -O2  conftest.c >&5
configure:3789: $? = 0
configure:3789: result: yes
configure:3789: checking for string.h
configure:3789: gcc -c -g -O2  conftest.c >&5
configure:3789: $? = 0
configure:3789: result: yes
configure:3789: checking for memory.h
configure:3789: gcc -c -g -O2  conftest.c >&5
configure:3789: $? = 0
configure:3789: result: yes
configure:3789: checking for strings.h
configure:3789: gcc -c -g -O2  conftest.c >&5
configure:3789: $? = 0
configure:3789: result: yes
configure:3789: checking for inttypes.h
configure:3789: gcc -c -g -O2  conftest.c >&5
configure:3789: $? = 0
configure:3789: result: yes
configure:3789: checking for stdint.h
configure:3789: gcc -c -g -O2  conftest.c >&5
configure:3789: $? = 0
configure:3789: result: yes
configure:3789: checking for unistd.h
configure:3789: gcc -c -g -O2  conftest.c >&5
configure:3789: $? = 0
configure:3789: result: yes
configure:3804: checking for stdlib.h
configure:3804: result: yes
configure:3804: checking for string.h
configure:3804: result: yes
configure:3804: checking math.h usability
configure:3804: gcc -c -g -O2  conftest.c >&5
configure:3804: $? = 0
configure:3804: result: yes
configure:3804: checking math.h presence
configure:3804: gcc -E  conftest.c
configure:3804: $? = 0
configure:3804: result: yes
configure:3804: checking for math.h
configure:3804: result: yes
configure:3804: checking limits.h usability
configure:3804: gcc -c -g -O2  conftest.c >&5
configure:3804: $? = 0
configure:3804: result: yes
configure:3804: checking limits.h presence
configure:3804: gcc -E  conftest.c
configure:3804: $? = 0
configure:3804: result: yes
configure:3804: checking for limits.h
configure:3804: result: yes
configure:3827: gcc -c -g -O2  conftest.c >&5
configure:3827: $? = 0
configure:3909: checking whether gcc accepts -arch i386 -arch x86_64
configure:3928: gcc -c -g -O2 -arch i386 -arch x86_64  conftest.c >&5
configure:3928: $? = 0
configure:3934: result: yes
configure:4176: checking "whether ftruncate works"
configure:4192: gcc -o conftest -g -O2 -arch i386 -arch x86_64 -Dg77Fortran -fPIC -fno-common   conftest.c  >&5
configure:4192: $? = 0
configure:4196: result: "yes"
configure:4210: checking "whether long long is defined"
configure:4226: gcc -c -g -O2 -arch i386 -arch x86_64 -Dg77Fortran -fPIC -fno-common  conftest.c >&5
configure:4226: $? = 0
configure:4230: result: "yes"
configure:4251: checking "whether system V style IPC services are supported"
configure:4272: gcc -o conftest -g -O2 -arch i386 -arch x86_64 -Dg77Fortran -fPIC -fno-common   conftest.c  >&5
configure:4272: $? = 0
configure:4277: result: "yes"
configure:4293: checking "do we have flock_t defined in sys/fcntl.h"
configure:4309: gcc -c -g -O2 -arch i386 -arch x86_64 -Dg77Fortran -fPIC -fno-common  conftest.c >&5
conftest.c:34:1: error: use of undeclared identifier 'flock_t'; did you mean 'flock'?
flock_t filler;
^~~~~~~
flock
/usr/include/sys/fcntl.h:482:5: note: 'flock' declared here
int     flock(int, int);
        ^
conftest.c:34:1: error: must use 'struct' tag to refer to type 'flock'
flock_t filler;
^
struct 
/usr/include/sys/fcntl.h:482:5: note: struct 'flock' is hidden by a non-type declaration of 'flock' here
int     flock(int, int);
        ^
2 errors generated.
configure:4309: $? = 1
configure: failed program was:
| /* confdefs.h */
| #define PACKAGE_NAME ""
| #define PACKAGE_TARNAME ""
| #define PACKAGE_VERSION ""
| #define PACKAGE_STRING ""
| #define PACKAGE_BUGREPORT ""
| #define PACKAGE_URL ""
| #define STDC_HEADERS 1
| #define HAVE_SYS_TYPES_H 1
| #define HAVE_SYS_STAT_H 1
| #define HAVE_STDLIB_H 1
| #define HAVE_STRING_H 1
| #define HAVE_MEMORY_H 1
| #define HAVE_STRINGS_H 1
| #define HAVE_INTTYPES_H 1
| #define HAVE_STDINT_H 1
| #define HAVE_UNISTD_H 1
| #define HAVE_STDLIB_H 1
| #define HAVE_STRING_H 1
| #define HAVE_MATH_H 1
| #define HAVE_LIMITS_H 1
| #define _LARGEFILE_SOURCE 1
| #define _FILE_OFFSET_BITS 64
| #define HAVE_FTRUNCATE 1
| #define HAVE_LONGLONG 1
| #define HAVE_SHMEM_SERVICES 1
| /* end confdefs.h.  */
| #include <sys/fcntl.h>
| 
| int
| main ()
| {
| 
| flock_t filler;
| 
|   ;
|   return 0;
| }
configure:4317: result: "no"
configure:4323: checking "do we have flock_t defined in sys/flock.h"
configure:4339: gcc -c -g -O2 -arch i386 -arch x86_64 -Dg77Fortran -fPIC -fno-common  conftest.c >&5
conftest.c:28:10: fatal error: 'sys/flock.h' file not found
#include <sys/flock.h>
         ^
1 error generated.
configure:4339: $? = 1
configure: failed program was:
| /* confdefs.h */
| #define PACKAGE_NAME ""
| #define PACKAGE_TARNAME ""
| #define PACKAGE_VERSION ""
| #define PACKAGE_STRING ""
| #define PACKAGE_BUGREPORT ""
| #define PACKAGE_URL ""
| #define STDC_HEADERS 1
| #define HAVE_SYS_TYPES_H 1
| #define HAVE_SYS_STAT_H 1
| #define HAVE_STDLIB_H 1
| #define HAVE_STRING_H 1
| #define HAVE_MEMORY_H 1
| #define HAVE_STRINGS_H 1
| #define HAVE_INTTYPES_H 1
| #define HAVE_STDINT_H 1
| #define HAVE_UNISTD_H 1
| #define HAVE_STDLIB_H 1
| #define HAVE_STRING_H 1
| #define HAVE_MATH_H 1
| #define HAVE_LIMITS_H 1
| #define _LARGEFILE_SOURCE 1
| #define _FILE_OFFSET_BITS 64
| #define HAVE_FTRUNCATE 1
| #define HAVE_LONGLONG 1
| #define HAVE_SHMEM_SERVICES 1
| /* end confdefs.h.  */
| #include <sys/flock.h>
| 
| int
| main ()
| {
| 
|    flock_t filler;
| 
|   ;
|   return 0;
| }
configure:4347: result: "no"
configure:4358: checking "do we have union semun defined"
configure:4376: gcc -c -g -O2 -arch i386 -arch x86_64 -Dg77Fortran -fPIC -fno-common  conftest.c >&5
configure:4376: $? = 0
configure:4380: result: "yes"
configure:4392: checking for library containing gethostbyname
configure:4423: gcc -o conftest -g -O2 -arch i386 -arch x86_64 -Dg77Fortran -fPIC -fno-common   conftest.c  >&5
configure:4423: $? = 0
configure:4440: result: none required
configure:4450: checking for library containing connect
configure:4481: gcc -o conftest -g -O2 -arch i386 -arch x86_64 -Dg77Fortran -fPIC -fno-common   conftest.c  >&5
configure:4481: $? = 0
configure:4498: result: none required
configure:4718: creating ./config.status

## ---------------------- ##
## Running config.status. ##
## ---------------------- ##

This file was extended by config.status, which was
generated by GNU Autoconf 2.68.  Invocation command line was

  CONFIG_FILES    = 
  CONFIG_HEADERS  = 
  CONFIG_LINKS    = 
  CONFIG_COMMANDS = 
  $ ./config.status 

on Matteos-MacBook-Pro.local

config.status:767: creating Makefile
configure:5887: creating ./config.status

## ---------------------- ##
## Running config.status. ##
## ---------------------- ##

This file was extended by config.status, which was
generated by GNU Autoconf 2.68.  Invocation command line was

  CONFIG_FILES    = 
  CONFIG_HEADERS  = 
  CONFIG_LINKS    = 
  CONFIG_COMMANDS = 
  $ ./config.status 

on Matteos-MacBook-Pro.local

config.status:768: creating Makefile
config.status:768: creating cfitsio.pc
configure:6907: result: 
configure:6909: result:     Congratulations, Makefile update was successful.
configure:6911: result:     You may want to run "make" now.
configure:6913: result: 

## ---------------- ##
## Cache variables. ##
## ---------------- ##

ac_cv_build=x86_64-apple-darwin14.4.0
ac_cv_c_compiler_gnu=yes
ac_cv_env_CC_set=
ac_cv_env_CC_value=
ac_cv_env_CFLAGS_set=
ac_cv_env_CFLAGS_value=
ac_cv_env_CPPFLAGS_set=
ac_cv_env_CPPFLAGS_value=
ac_cv_env_CPP_set=
ac_cv_env_CPP_value=
ac_cv_env_LDFLAGS_set=
ac_cv_env_LDFLAGS_value=
ac_cv_env_LIBS_set=
ac_cv_env_LIBS_value=
ac_cv_env_build_alias_set=
ac_cv_env_build_alias_value=
ac_cv_env_host_alias_set=
ac_cv_env_host_alias_value=
ac_cv_env_target_alias_set=
ac_cv_env_target_alias_value=
ac_cv_header_inttypes_h=yes
ac_cv_header_limits_h=yes
ac_cv_header_math_h=yes
ac_cv_header_memory_h=yes
ac_cv_header_stdc=yes
ac_cv_header_stdint_h=yes
ac_cv_header_stdlib_h=yes
ac_cv_header_string_h=yes
ac_cv_header_strings_h=yes
ac_cv_header_sys_stat_h=yes
ac_cv_header_sys_types_h=yes
ac_cv_header_unistd_h=yes
ac_cv_host=x86_64-apple-darwin14.4.0
ac_cv_objext=o
ac_cv_path_EGREP='/usr/bin/grep -E'
ac_cv_path_GREP=/usr/bin/grep
ac_cv_prog_AR=ar
ac_cv_prog_CPP='gcc -E'
ac_cv_prog_ac_ct_CC=gcc
ac_cv_prog_ac_ct_RANLIB=ranlib
ac_cv_prog_cc_c89=
ac_cv_prog_cc_g=yes
ac_cv_search_connect='none required'
ac_cv_search_gethostbyname='none required'
ac_cv_target=x86_64-apple-darwin14.4.0

## ----------------- ##
## Output variables. ##
## ----------------- ##

AR='ar'
ARCH='i386'
ARCHIVE='ar rv'
CC='gcc'
CFITSIO_MAJOR='3'
CFITSIO_MINOR='36'
CFITSIO_SHLIB='libcfitsio.${CFITSIO_SONAME}.${CFITSIO_MAJOR}.${CFITSIO_MINOR}${SHLIB_SUFFIX}'
CFITSIO_SHLIB_SONAME='libcfitsio.${CFITSIO_SONAME}${SHLIB_SUFFIX}'
CFITSIO_SONAME='2'
CFLAGS='-g -O2 -arch i386 -arch x86_64 -Dg77Fortran -fPIC -fno-common'
CPP='gcc -E'
CPPFLAGS=''
DEFS='-DPACKAGE_NAME=\"\" -DPACKAGE_TARNAME=\"\" -DPACKAGE_VERSION=\"\" -DPACKAGE_STRING=\"\" -DPACKAGE_BUGREPORT=\"\" -DPACKAGE_URL=\"\" -DSTDC_HEADERS=1 -DHAVE_SYS_TYPES_H=1 -DHAVE_SYS_STAT_H=1 -DHAVE_STDLIB_H=1 -DHAVE_STRING_H=1 -DHAVE_MEMORY_H=1 -DHAVE_STRINGS_H=1 -DHAVE_INTTYPES_H=1 -DHAVE_STDINT_H=1 -DHAVE_UNISTD_H=1 -DHAVE_STDLIB_H=1 -DHAVE_STRING_H=1 -DHAVE_MATH_H=1 -DHAVE_LIMITS_H=1 -D_LARGEFILE_SOURCE=1 -D_FILE_OFFSET_BITS=64 -DHAVE_FTRUNCATE=1 -DHAVE_LONGLONG=1 -DHAVE_SHMEM_SERVICES=1 -DHAVE_UNION_SEMUN=1 -DHAVE_NET_SERVICES=1'
ECHO_C='\c'
ECHO_N=''
ECHO_T=''
EGREP='/usr/bin/grep -E'
EXEEXT=''
F77_WRAPPERS='${FITSIO_SRC}'
FC='notfound'
GCCVERSION='4.2.1'
GREP='/usr/bin/grep'
INSTALL_ROOT='${prefix}'
LDFLAGS=''
LIBOBJS=''
LIBPRE=''
LIBS=''
LTLIBOBJS=''
OBJEXT='o'
PACKAGE_BUGREPORT=''
PACKAGE_NAME=''
PACKAGE_STRING=''
PACKAGE_TARNAME=''
PACKAGE_URL=''
PACKAGE_VERSION=''
PATH_SEPARATOR=':'
RANLIB='ranlib'
SHELL='/bin/sh'
SHLIB_LD='gcc -dynamiclib -arch i386 -arch x86_64 -install_name libcfitsio.${CFITSIO_SONAME}${SHLIB_SUFFIX} -compatibility_version ${CFITSIO_SONAME} -current_version ${CFITSIO_SONAME}.${CFITSIO_MAJOR}.${CFITSIO_MINOR}'
SHLIB_SUFFIX='.dylib'
SSE_FLAGS=''
ac_ct_CC='gcc'
bindir='${exec_prefix}/bin'
build='x86_64-apple-darwin14.4.0'
build_alias=''
build_cpu='x86_64'
build_os='darwin14.4.0'
build_vendor='apple'
datadir='${datarootdir}'
datarootdir='${prefix}/share'
docdir='${datarootdir}/doc/${PACKAGE}'
dvidir='${docdir}'
exec_prefix='${prefix}'
host='x86_64-apple-darwin14.4.0'
host_alias=''
host_cpu='x86_64'
host_os='darwin14.4.0'
host_vendor='apple'
htmldir='${docdir}'
includedir='${prefix}/include'
infodir='${datarootdir}/info'
libdir='${exec_prefix}/lib'
libexecdir='${exec_prefix}/libexec'
localedir='${datarootdir}/locale'
localstatedir='${prefix}/var'
mandir='${datarootdir}/man'
my_shmem='${SOURCES_SHMEM}'
oldincludedir='/usr/include'
pdfdir='${docdir}'
prefix='/usr/local'
program_transform_name='s,x,x,'
psdir='${docdir}'
sbindir='${exec_prefix}/sbin'
sharedstatedir='${prefix}/com'
sysconfdir='${prefix}/etc'
target='x86_64-apple-darwin14.4.0'
target_alias=''
target_cpu='x86_64'
target_os='darwin14.4.0'
target_vendor='apple'

## ----------- ##
## confdefs.h. ##
## ----------- ##

/* confdefs.h */
#define PACKAGE_NAME ""
#define PACKAGE_TARNAME ""
#define PACKAGE_VERSION ""
#define PACKAGE_STRING ""
#define PACKAGE_BUGREPORT ""
#define PACKAGE_URL ""
#define STDC_HEADERS 1
#define HAVE_SYS_TYPES_H 1
#define HAVE_SYS_STAT_H 1
#define HAVE_STDLIB_H 1
#define HAVE_STRING_H 1
#define HAVE_MEMORY_H 1
#define HAVE_STRINGS_H 1
#define HAVE_INTTYPES_H 1
#define HAVE_STDINT_H 1
#define HAVE_UNISTD_H 1
#define HAVE_STDLIB_H 1
#define HAVE_STRING_H 1
#define HAVE_MATH_H 1
#define HAVE_LIMITS_H 1
#define _LARGEFILE_SOURCE 1
#define _FILE_OFFSET_BITS 64
#define HAVE_FTRUNCATE 1
#define HAVE_LONGLONG 1
#define HAVE_SHMEM_SERVICES 1
#define HAVE_UNION_SEMUN 1
#define HAVE_NET_SERVICES 1

configure: exit 0
